<?xml version="1.0" encoding="UTF-8"?>
<!-- Generated by org.testng.reporters.JUnitReportReporter -->
<testsuite hostname="rastkonosovic" failures="0" tests="1" name="apiTest.PetTest" time="2.973" errors="0" timestamp="2023-01-16T09:51:22 CET" skipped="0">
  <testcase classname="apiTest.PetTest" name="testPostPet" time="2.973"/>
  <system-out/>
</testsuite> <!-- apiTest.PetTest -->
